<?xml version="1.0" encoding="UTF-8"?>
<!-- Generated by org.testng.reporters.JUnitReportReporter -->
<testsuite hostname="sanjanas-air.lan" failures="0" tests="10" name="testngSessions.InvocationCount" time="0.038" errors="0" timestamp="22 Feb 2023 17:59:12 GMT" skipped="0">
  <testcase classname="testngSessions.InvocationCount" name="createUserTest" time="0.002"/>
  <testcase classname="testngSessions.InvocationCount" name="createUserTest" time="0.003"/>
  <testcase classname="testngSessions.InvocationCount" name="createUserTest" time="0.003"/>
  <testcase classname="testngSessions.InvocationCount" name="createUserTest" time="0.001"/>
  <testcase classname="testngSessions.InvocationCount" name="createUserTest" time="0.004"/>
  <testcase classname="testngSessions.InvocationCount" name="createUserTest" time="0.017"/>
  <testcase classname="testngSessions.InvocationCount" name="createUserTest" time="0.002"/>
  <testcase classname="testngSessions.InvocationCount" name="createUserTest" time="0.002"/>
  <testcase classname="testngSessions.InvocationCount" name="createUserTest" time="0.002"/>
  <testcase classname="testngSessions.InvocationCount" name="createUserTest" time="0.002"/>
</testsuite> <!-- testngSessions.InvocationCount -->
