<?xml version="1.0" encoding="UTF-8"?>
<!-- Generated by org.testng.reporters.JUnitReportReporter -->
<testsuite hostname="sanjanas-air.lan" failures="0" tests="1" name="testngSessions.ExpectedExceptionClassConcept" time="0.017" errors="0" timestamp="21 Feb 2023 22:18:15 GMT" skipped="0">
  <testcase classname="testngSessions.ExpectedExceptionClassConcept" name="loginTest" time="0.017"/>
</testsuite> <!-- testngSessions.ExpectedExceptionClassConcept -->
