<?xml version="1.0" encoding="UTF-8"?>
<!-- Generated by org.testng.reporters.JUnitReportReporter -->
<testsuite hostname="sanjanas-air.lan" failures="0" tests="3" name="testngSessions.HomePageTest" time="0.024" errors="0" timestamp="21 Feb 2023 21:23:23 GMT" skipped="0">
  <testcase classname="testngSessions.HomePageTest" name="homePageTitleTest" time="0.003"/>
  <testcase classname="testngSessions.HomePageTest" name="homePageURLTest" time="0.004"/>
  <testcase classname="testngSessions.HomePageTest" name="homePageSearchTest" time="0.017"/>
</testsuite> <!-- testngSessions.HomePageTest -->
