<?xml version="1.0" encoding="UTF-8"?>
<!-- Generated by org.testng.reporters.JUnitReportReporter -->
<testsuite hostname="sanjanas-air.lan" failures="0" tests="2" name="testngSessions.OpenCartPageTest" time="0.163" errors="0" timestamp="22 Feb 2023 21:22:43 GMT" skipped="0">
  <testcase classname="testngSessions.OpenCartPageTest" name="titleTest" time="0.026"/>
  <testcase classname="testngSessions.OpenCartPageTest" name="searchExistTest" time="0.137"/>
</testsuite> <!-- testngSessions.OpenCartPageTest -->
