<?xml version="1.0" encoding="UTF-8"?>
<!-- Generated by org.testng.reporters.JUnitReportReporter -->
<testsuite hostname="sanjanas-air.lan" failures="0" tests="2" name="testngSessions.GooglePageTest" time="0.178" errors="0" timestamp="22 Feb 2023 21:22:43 GMT" skipped="0">
  <testcase classname="testngSessions.GooglePageTest" name="titleTest" time="0.015"/>
  <testcase classname="testngSessions.GooglePageTest" name="searchExistTest" time="0.163"/>
</testsuite> <!-- testngSessions.GooglePageTest -->
