<?xml version="1.0" encoding="UTF-8"?>
<!-- Generated by org.testng.reporters.JUnitReportReporter -->
<testsuite skipped="0" hostname="sanjanas-air.lan" name="com.qa.opencart.test.ProductInfoPageTest" tests="7" failures="0" timestamp="17 Mar 2023 18:45:07 GMT" time="38.049" errors="0">
  <testcase name="productImagesCountTest" time="3.212" classname="com.qa.opencart.test.ProductInfoPageTest"/>
  <testcase name="productImagesCountTest" time="5.469" classname="com.qa.opencart.test.ProductInfoPageTest"/>
  <testcase name="productImagesCountTest" time="3.198" classname="com.qa.opencart.test.ProductInfoPageTest"/>
  <testcase name="productImagesCountTest" time="6.003" classname="com.qa.opencart.test.ProductInfoPageTest"/>
  <testcase name="getProductInfoTest" time="3.799" classname="com.qa.opencart.test.ProductInfoPageTest"/>
  <testcase name="addProductToCart" time="7.241" classname="com.qa.opencart.test.ProductInfoPageTest"/>
  <testcase name="addProductToCart" time="9.127" classname="com.qa.opencart.test.ProductInfoPageTest"/>
</testsuite> <!-- com.qa.opencart.test.ProductInfoPageTest -->
